android/app/build/intermediates/manifest_merge_blame_file/debug/processDebugMainManifest/manifest-merger-blame-debug-report.txt
1<?xml version="1.0" encoding="utf-8"?>
2<manifest xmlns:android="http://schemas.android.com/apk/res/android"
3    package="com.travellingkuy"
4    android:versionCode="1"
5    android:versionName="1.0.0" >
6
7    <uses-sdk
8        android:minSdkVersion="23"
9        android:targetSdkVersion="35" />
10    <!--
11         The INTERNET permission is required for development. Specifically,
12         the Flutter tool needs it to communicate with the running application
13         to allow setting breakpoints, to provide hot reload, etc.
14    -->
15    <uses-permission android:name="android.permission.INTERNET" />
15-->src\main\AndroidManifest.xml:5:5-67
15-->src\main\AndroidManifest.xml:5:22-64
16    <uses-permission android:name="android.permission.ACCESS_NETWORK_STATE" />
16-->src\main\AndroidManifest.xml:6:5-79
16-->src\main\AndroidManifest.xml:6:22-76
17    <!--
18 Required to query activities that can process text, see:
19         https://developer.android.com/training/package-visibility and
20         https://developer.android.com/reference/android/content/Intent#ACTION_PROCESS_TEXT.
21
22         In particular, this is used by the Flutter engine in io.flutter.plugin.text.ProcessTextPlugin.
23    -->
24    <queries>
24-->src\main\AndroidManifest.xml:50:5-55:15
25        <intent>
25-->src\main\AndroidManifest.xml:51:9-54:18
26            <action android:name="android.intent.action.PROCESS_TEXT" />
26-->src\main\AndroidManifest.xml:52:13-72
26-->src\main\AndroidManifest.xml:52:21-70
27
28            <data android:mimeType="text/plain" />
28-->src\main\AndroidManifest.xml:53:13-50
28-->src\main\AndroidManifest.xml:53:19-48
29        </intent>
30
31        <package android:name="com.facebook.katana" /> <!-- Needs to be explicitly declared on Android R+ -->
31-->[com.facebook.android:facebook-common:17.0.1] AndroidManifest.xml:18:9-55
31-->[com.facebook.android:facebook-common:17.0.1] AndroidManifest.xml:18:18-52
32        <package android:name="com.google.android.apps.maps" />
32-->[com.google.android.gms:play-services-maps:18.2.0] AndroidManifest.xml:33:9-64
32-->[com.google.android.gms:play-services-maps:18.2.0] AndroidManifest.xml:33:18-61
33    </queries>
34
35    <uses-permission android:name="android.permission.VIBRATE" />
35-->[:flutter_local_notifications] AndroidManifest.xml:7:5-66
35-->[:flutter_local_notifications] AndroidManifest.xml:7:22-63
36    <uses-permission android:name="android.permission.POST_NOTIFICATIONS" />
36-->[:flutter_local_notifications] AndroidManifest.xml:8:5-77
36-->[:flutter_local_notifications] AndroidManifest.xml:8:22-74
37
38    <uses-feature
38-->[com.google.android.gms:play-services-maps:18.2.0] AndroidManifest.xml:26:5-28:35
39        android:glEsVersion="0x00020000"
39-->[com.google.android.gms:play-services-maps:18.2.0] AndroidManifest.xml:27:9-41
40        android:required="true" />
40-->[com.google.android.gms:play-services-maps:18.2.0] AndroidManifest.xml:28:9-32
41
42    <uses-permission android:name="com.google.android.providers.gsf.permission.READ_GSERVICES" />
42-->[com.google.android.recaptcha:recaptcha:18.6.1] AndroidManifest.xml:9:5-98
42-->[com.google.android.recaptcha:recaptcha:18.6.1] AndroidManifest.xml:9:22-95
43    <uses-permission android:name="com.google.android.gms.permission.AD_ID" />
43-->[com.facebook.android:facebook-core:17.0.1] AndroidManifest.xml:16:5-79
43-->[com.facebook.android:facebook-core:17.0.1] AndroidManifest.xml:16:22-76
44
45    <permission
45-->[androidx.core:core:1.13.1] AndroidManifest.xml:22:5-24:47
46        android:name="com.travellingkuy.DYNAMIC_RECEIVER_NOT_EXPORTED_PERMISSION"
46-->[androidx.core:core:1.13.1] AndroidManifest.xml:23:9-81
47        android:protectionLevel="signature" />
47-->[androidx.core:core:1.13.1] AndroidManifest.xml:24:9-44
48
49    <uses-permission android:name="com.travellingkuy.DYNAMIC_RECEIVER_NOT_EXPORTED_PERMISSION" />
49-->[androidx.core:core:1.13.1] AndroidManifest.xml:26:5-97
49-->[androidx.core:core:1.13.1] AndroidManifest.xml:26:22-94
50    <uses-permission android:name="com.google.android.finsky.permission.BIND_GET_INSTALL_REFERRER_SERVICE" />
50-->[com.android.installreferrer:installreferrer:1.0] AndroidManifest.xml:9:5-110
50-->[com.android.installreferrer:installreferrer:1.0] AndroidManifest.xml:9:22-107
51
52    <application
53        android:name="android.app.Application"
54        android:appComponentFactory="androidx.core.app.CoreComponentFactory"
54-->[androidx.core:core:1.13.1] AndroidManifest.xml:28:18-86
55        android:debuggable="true"
56        android:extractNativeLibs="false"
57        android:icon="@mipmap/ic_launcher"
58        android:label="abp_travel"
59        android:supportsRtl="true"
59-->[com.facebook.android:facebook-login:17.0.1] AndroidManifest.xml:16:18-44
60        android:usesCleartextTraffic="true" >
61        <activity
62            android:name="com.example.abp_travel.MainActivity"
63            android:configChanges="orientation|keyboardHidden|keyboard|screenSize|smallestScreenSize|locale|layoutDirection|fontScale|screenLayout|density|uiMode"
64            android:exported="true"
65            android:hardwareAccelerated="true"
66            android:launchMode="singleTop"
67            android:taskAffinity=""
68            android:theme="@style/LaunchTheme"
69            android:windowSoftInputMode="adjustResize" >
70
71            <!--
72                 Specifies an Android theme to apply to this Activity as soon as
73                 the Android process has started. This theme is visible to the user
74                 while the Flutter UI initializes. After that, this theme continues
75                 to determine the Window background behind the Flutter UI.
76            -->
77            <meta-data
78                android:name="io.flutter.embedding.android.NormalTheme"
79                android:resource="@style/NormalTheme" />
80
81            <intent-filter>
82                <action android:name="android.intent.action.MAIN" />
83
84                <category android:name="android.intent.category.LAUNCHER" />
85            </intent-filter>
86        </activity>
87        <!--
88             Don't delete the meta-data below.
89             This is used by the Flutter tool to generate GeneratedPluginRegistrant.java
90        -->
91        <meta-data
92            android:name="flutterEmbedding"
93            android:value="2" />
94        <!--
95             <meta-data
96            android:name="com.google.android.geo.API_KEY"
97            android:value="YOUR_GOOGLE_MAPS_API_KEY"/>
98        -->
99        <service
99-->[:firebase_auth] AndroidManifest.xml:8:9-12:19
100            android:name="com.google.firebase.components.ComponentDiscoveryService"
100-->[:firebase_auth] AndroidManifest.xml:8:18-89
101            android:directBootAware="true"
101-->[com.google.firebase:firebase-common:21.0.0] AndroidManifest.xml:32:13-43
102            android:exported="false" >
102-->[com.google.firebase:firebase-auth-ktx:23.2.0] AndroidManifest.xml:10:13-37
103            <meta-data
103-->[:firebase_auth] AndroidManifest.xml:9:13-11:85
104                android:name="com.google.firebase.components:io.flutter.plugins.firebase.auth.FlutterFirebaseAuthRegistrar"
104-->[:firebase_auth] AndroidManifest.xml:10:17-124
105                android:value="com.google.firebase.components.ComponentRegistrar" />
105-->[:firebase_auth] AndroidManifest.xml:11:17-82
106            <meta-data
106-->[:firebase_core] AndroidManifest.xml:9:13-11:85
107                android:name="com.google.firebase.components:io.flutter.plugins.firebase.core.FlutterFirebaseCoreRegistrar"
107-->[:firebase_core] AndroidManifest.xml:10:17-124
108                android:value="com.google.firebase.components.ComponentRegistrar" />
108-->[:firebase_core] AndroidManifest.xml:11:17-82
109            <meta-data
109-->[com.google.firebase:firebase-auth-ktx:23.2.0] AndroidManifest.xml:11:13-13:85
110                android:name="com.google.firebase.components:com.google.firebase.auth.ktx.FirebaseAuthLegacyRegistrar"
110-->[com.google.firebase:firebase-auth-ktx:23.2.0] AndroidManifest.xml:12:17-119
111                android:value="com.google.firebase.components.ComponentRegistrar" />
111-->[com.google.firebase:firebase-auth-ktx:23.2.0] AndroidManifest.xml:13:17-82
112            <meta-data
112-->[com.google.firebase:firebase-auth:23.2.0] AndroidManifest.xml:69:13-71:85
113                android:name="com.google.firebase.components:com.google.firebase.auth.FirebaseAuthRegistrar"
113-->[com.google.firebase:firebase-auth:23.2.0] AndroidManifest.xml:70:17-109
114                android:value="com.google.firebase.components.ComponentRegistrar" />
114-->[com.google.firebase:firebase-auth:23.2.0] AndroidManifest.xml:71:17-82
115            <meta-data
115-->[com.google.firebase:firebase-common-ktx:21.0.0] AndroidManifest.xml:12:13-14:85
116                android:name="com.google.firebase.components:com.google.firebase.ktx.FirebaseCommonLegacyRegistrar"
116-->[com.google.firebase:firebase-common-ktx:21.0.0] AndroidManifest.xml:13:17-116
117                android:value="com.google.firebase.components.ComponentRegistrar" />
117-->[com.google.firebase:firebase-common-ktx:21.0.0] AndroidManifest.xml:14:17-82
118            <meta-data
118-->[com.google.firebase:firebase-common:21.0.0] AndroidManifest.xml:35:13-37:85
119                android:name="com.google.firebase.components:com.google.firebase.FirebaseCommonKtxRegistrar"
119-->[com.google.firebase:firebase-common:21.0.0] AndroidManifest.xml:36:17-109
120                android:value="com.google.firebase.components.ComponentRegistrar" />
120-->[com.google.firebase:firebase-common:21.0.0] AndroidManifest.xml:37:17-82
121        </service>
122
123        <activity
123-->[com.google.firebase:firebase-auth:23.2.0] AndroidManifest.xml:29:9-46:20
124            android:name="com.google.firebase.auth.internal.GenericIdpActivity"
124-->[com.google.firebase:firebase-auth:23.2.0] AndroidManifest.xml:30:13-80
125            android:excludeFromRecents="true"
125-->[com.google.firebase:firebase-auth:23.2.0] AndroidManifest.xml:31:13-46
126            android:exported="true"
126-->[com.google.firebase:firebase-auth:23.2.0] AndroidManifest.xml:32:13-36
127            android:launchMode="singleTask"
127-->[com.google.firebase:firebase-auth:23.2.0] AndroidManifest.xml:33:13-44
128            android:theme="@android:style/Theme.Translucent.NoTitleBar" >
128-->[com.google.firebase:firebase-auth:23.2.0] AndroidManifest.xml:34:13-72
129            <intent-filter>
129-->[com.google.firebase:firebase-auth:23.2.0] AndroidManifest.xml:35:13-45:29
130                <action android:name="android.intent.action.VIEW" />
130-->[com.google.firebase:firebase-auth:23.2.0] AndroidManifest.xml:36:17-69
130-->[com.google.firebase:firebase-auth:23.2.0] AndroidManifest.xml:36:25-66
131
132                <category android:name="android.intent.category.DEFAULT" />
132-->[com.google.firebase:firebase-auth:23.2.0] AndroidManifest.xml:38:17-76
132-->[com.google.firebase:firebase-auth:23.2.0] AndroidManifest.xml:38:27-73
133                <category android:name="android.intent.category.BROWSABLE" />
133-->[com.google.firebase:firebase-auth:23.2.0] AndroidManifest.xml:39:17-78
133-->[com.google.firebase:firebase-auth:23.2.0] AndroidManifest.xml:39:27-75
134
135                <data
135-->src\main\AndroidManifest.xml:53:13-50
136                    android:host="firebase.auth"
137                    android:path="/"
138                    android:scheme="genericidp" />
139            </intent-filter>
140        </activity>
141        <activity
141-->[com.google.firebase:firebase-auth:23.2.0] AndroidManifest.xml:47:9-64:20
142            android:name="com.google.firebase.auth.internal.RecaptchaActivity"
142-->[com.google.firebase:firebase-auth:23.2.0] AndroidManifest.xml:48:13-79
143            android:excludeFromRecents="true"
143-->[com.google.firebase:firebase-auth:23.2.0] AndroidManifest.xml:49:13-46
144            android:exported="true"
144-->[com.google.firebase:firebase-auth:23.2.0] AndroidManifest.xml:50:13-36
145            android:launchMode="singleTask"
145-->[com.google.firebase:firebase-auth:23.2.0] AndroidManifest.xml:51:13-44
146            android:theme="@android:style/Theme.Translucent.NoTitleBar" >
146-->[com.google.firebase:firebase-auth:23.2.0] AndroidManifest.xml:52:13-72
147            <intent-filter>
147-->[com.google.firebase:firebase-auth:23.2.0] AndroidManifest.xml:53:13-63:29
148                <action android:name="android.intent.action.VIEW" />
148-->[com.google.firebase:firebase-auth:23.2.0] AndroidManifest.xml:36:17-69
148-->[com.google.firebase:firebase-auth:23.2.0] AndroidManifest.xml:36:25-66
149
150                <category android:name="android.intent.category.DEFAULT" />
150-->[com.google.firebase:firebase-auth:23.2.0] AndroidManifest.xml:38:17-76
150-->[com.google.firebase:firebase-auth:23.2.0] AndroidManifest.xml:38:27-73
151                <category android:name="android.intent.category.BROWSABLE" />
151-->[com.google.firebase:firebase-auth:23.2.0] AndroidManifest.xml:39:17-78
151-->[com.google.firebase:firebase-auth:23.2.0] AndroidManifest.xml:39:27-75
152
153                <data
153-->src\main\AndroidManifest.xml:53:13-50
154                    android:host="firebase.auth"
155                    android:path="/"
156                    android:scheme="recaptcha" />
157            </intent-filter>
158        </activity>
159
160        <provider
160-->[com.google.firebase:firebase-common:21.0.0] AndroidManifest.xml:23:9-28:39
161            android:name="com.google.firebase.provider.FirebaseInitProvider"
161-->[com.google.firebase:firebase-common:21.0.0] AndroidManifest.xml:24:13-77
162            android:authorities="com.travellingkuy.firebaseinitprovider"
162-->[com.google.firebase:firebase-common:21.0.0] AndroidManifest.xml:25:13-72
163            android:directBootAware="true"
163-->[com.google.firebase:firebase-common:21.0.0] AndroidManifest.xml:26:13-43
164            android:exported="false"
164-->[com.google.firebase:firebase-common:21.0.0] AndroidManifest.xml:27:13-37
165            android:initOrder="100" />
165-->[com.google.firebase:firebase-common:21.0.0] AndroidManifest.xml:28:13-36
166
167        <service
167-->[:geolocator_android] AndroidManifest.xml:8:9-12:56
168            android:name="com.baseflow.geolocator.GeolocatorLocationService"
168-->[:geolocator_android] AndroidManifest.xml:9:13-77
169            android:enabled="true"
169-->[:geolocator_android] AndroidManifest.xml:10:13-35
170            android:exported="false"
170-->[:geolocator_android] AndroidManifest.xml:11:13-37
171            android:foregroundServiceType="location" />
171-->[:geolocator_android] AndroidManifest.xml:12:13-53
172
173        <provider
173-->[:image_picker_android] AndroidManifest.xml:9:9-17:20
174            android:name="io.flutter.plugins.imagepicker.ImagePickerFileProvider"
174-->[:image_picker_android] AndroidManifest.xml:10:13-82
175            android:authorities="com.travellingkuy.flutter.image_provider"
175-->[:image_picker_android] AndroidManifest.xml:11:13-74
176            android:exported="false"
176-->[:image_picker_android] AndroidManifest.xml:12:13-37
177            android:grantUriPermissions="true" >
177-->[:image_picker_android] AndroidManifest.xml:13:13-47
178            <meta-data
178-->[:image_picker_android] AndroidManifest.xml:14:13-16:75
179                android:name="android.support.FILE_PROVIDER_PATHS"
179-->[:image_picker_android] AndroidManifest.xml:15:17-67
180                android:resource="@xml/flutter_image_picker_file_paths" />
180-->[:image_picker_android] AndroidManifest.xml:16:17-72
181        </provider> <!-- Trigger Google Play services to install the backported photo picker module. -->
182        <service
182-->[:image_picker_android] AndroidManifest.xml:19:9-31:19
183            android:name="com.google.android.gms.metadata.ModuleDependencies"
183-->[:image_picker_android] AndroidManifest.xml:20:13-78
184            android:enabled="false"
184-->[:image_picker_android] AndroidManifest.xml:21:13-36
185            android:exported="false" >
185-->[:image_picker_android] AndroidManifest.xml:22:13-37
186            <intent-filter>
186-->[:image_picker_android] AndroidManifest.xml:24:13-26:29
187                <action android:name="com.google.android.gms.metadata.MODULE_DEPENDENCIES" />
187-->[:image_picker_android] AndroidManifest.xml:25:17-94
187-->[:image_picker_android] AndroidManifest.xml:25:25-91
188            </intent-filter>
189
190            <meta-data
190-->[:image_picker_android] AndroidManifest.xml:28:13-30:36
191                android:name="photopicker_activity:0:required"
191-->[:image_picker_android] AndroidManifest.xml:29:17-63
192                android:value="" />
192-->[:image_picker_android] AndroidManifest.xml:30:17-33
193        </service>
194
195        <activity
195-->[com.facebook.android:facebook-common:17.0.1] AndroidManifest.xml:22:9-25:66
196            android:name="com.facebook.FacebookActivity"
196-->[com.facebook.android:facebook-common:17.0.1] AndroidManifest.xml:23:13-57
197            android:configChanges="keyboard|keyboardHidden|screenLayout|screenSize|orientation"
197-->[com.facebook.android:facebook-common:17.0.1] AndroidManifest.xml:24:13-96
198            android:theme="@style/com_facebook_activity_theme" />
198-->[com.facebook.android:facebook-common:17.0.1] AndroidManifest.xml:25:13-63
199        <activity android:name="com.facebook.CustomTabMainActivity" />
199-->[com.facebook.android:facebook-common:17.0.1] AndroidManifest.xml:26:9-71
199-->[com.facebook.android:facebook-common:17.0.1] AndroidManifest.xml:26:19-68
200        <activity
200-->[com.facebook.android:facebook-common:17.0.1] AndroidManifest.xml:27:9-41:20
201            android:name="com.facebook.CustomTabActivity"
201-->[com.facebook.android:facebook-common:17.0.1] AndroidManifest.xml:28:13-58
202            android:exported="true" >
202-->[com.facebook.android:facebook-common:17.0.1] AndroidManifest.xml:29:13-36
203            <intent-filter>
203-->[com.facebook.android:facebook-common:17.0.1] AndroidManifest.xml:31:13-40:29
204                <action android:name="android.intent.action.VIEW" />
204-->[com.google.firebase:firebase-auth:23.2.0] AndroidManifest.xml:36:17-69
204-->[com.google.firebase:firebase-auth:23.2.0] AndroidManifest.xml:36:25-66
205
206                <category android:name="android.intent.category.DEFAULT" />
206-->[com.google.firebase:firebase-auth:23.2.0] AndroidManifest.xml:38:17-76
206-->[com.google.firebase:firebase-auth:23.2.0] AndroidManifest.xml:38:27-73
207                <category android:name="android.intent.category.BROWSABLE" />
207-->[com.google.firebase:firebase-auth:23.2.0] AndroidManifest.xml:39:17-78
207-->[com.google.firebase:firebase-auth:23.2.0] AndroidManifest.xml:39:27-75
208
209                <data
209-->src\main\AndroidManifest.xml:53:13-50
210                    android:host="cct.com.travellingkuy"
211                    android:scheme="fbconnect" />
212            </intent-filter>
213        </activity> <!-- Needs to be explicitly declared on P+ -->
214        <uses-library
214-->[com.google.android.gms:play-services-maps:18.2.0] AndroidManifest.xml:39:9-41:40
215            android:name="org.apache.http.legacy"
215-->[com.google.android.gms:play-services-maps:18.2.0] AndroidManifest.xml:40:13-50
216            android:required="false" />
216-->[com.google.android.gms:play-services-maps:18.2.0] AndroidManifest.xml:41:13-37
217
218        <service
218-->[androidx.credentials:credentials-play-services-auth:1.2.0-rc01] AndroidManifest.xml:24:9-32:19
219            android:name="androidx.credentials.playservices.CredentialProviderMetadataHolder"
219-->[androidx.credentials:credentials-play-services-auth:1.2.0-rc01] AndroidManifest.xml:25:13-94
220            android:enabled="true"
220-->[androidx.credentials:credentials-play-services-auth:1.2.0-rc01] AndroidManifest.xml:26:13-35
221            android:exported="false" >
221-->[androidx.credentials:credentials-play-services-auth:1.2.0-rc01] AndroidManifest.xml:27:13-37
222            <meta-data
222-->[androidx.credentials:credentials-play-services-auth:1.2.0-rc01] AndroidManifest.xml:29:13-31:104
223                android:name="androidx.credentials.CREDENTIAL_PROVIDER_KEY"
223-->[androidx.credentials:credentials-play-services-auth:1.2.0-rc01] AndroidManifest.xml:30:17-76
224                android:value="androidx.credentials.playservices.CredentialProviderPlayServicesImpl" />
224-->[androidx.credentials:credentials-play-services-auth:1.2.0-rc01] AndroidManifest.xml:31:17-101
225        </service>
226
227        <activity
227-->[androidx.credentials:credentials-play-services-auth:1.2.0-rc01] AndroidManifest.xml:34:9-41:20
228            android:name="androidx.credentials.playservices.HiddenActivity"
228-->[androidx.credentials:credentials-play-services-auth:1.2.0-rc01] AndroidManifest.xml:35:13-76
229            android:configChanges="orientation|screenSize|screenLayout|keyboardHidden"
229-->[androidx.credentials:credentials-play-services-auth:1.2.0-rc01] AndroidManifest.xml:36:13-87
230            android:enabled="true"
230-->[androidx.credentials:credentials-play-services-auth:1.2.0-rc01] AndroidManifest.xml:37:13-35
231            android:exported="false"
231-->[androidx.credentials:credentials-play-services-auth:1.2.0-rc01] AndroidManifest.xml:38:13-37
232            android:fitsSystemWindows="true"
232-->[androidx.credentials:credentials-play-services-auth:1.2.0-rc01] AndroidManifest.xml:39:13-45
233            android:theme="@style/Theme.Hidden" >
233-->[androidx.credentials:credentials-play-services-auth:1.2.0-rc01] AndroidManifest.xml:40:13-48
234        </activity>
235        <activity
235-->[com.google.android.gms:play-services-auth:21.0.0] AndroidManifest.xml:23:9-27:75
236            android:name="com.google.android.gms.auth.api.signin.internal.SignInHubActivity"
236-->[com.google.android.gms:play-services-auth:21.0.0] AndroidManifest.xml:24:13-93
237            android:excludeFromRecents="true"
237-->[com.google.android.gms:play-services-auth:21.0.0] AndroidManifest.xml:25:13-46
238            android:exported="false"
238-->[com.google.android.gms:play-services-auth:21.0.0] AndroidManifest.xml:26:13-37
239            android:theme="@android:style/Theme.Translucent.NoTitleBar" />
239-->[com.google.android.gms:play-services-auth:21.0.0] AndroidManifest.xml:27:13-72
240        <!--
241            Service handling Google Sign-In user revocation. For apps that do not integrate with
242            Google Sign-In, this service will never be started.
243        -->
244        <service
244-->[com.google.android.gms:play-services-auth:21.0.0] AndroidManifest.xml:33:9-37:51
245            android:name="com.google.android.gms.auth.api.signin.RevocationBoundService"
245-->[com.google.android.gms:play-services-auth:21.0.0] AndroidManifest.xml:34:13-89
246            android:exported="true"
246-->[com.google.android.gms:play-services-auth:21.0.0] AndroidManifest.xml:35:13-36
247            android:permission="com.google.android.gms.auth.api.signin.permission.REVOCATION_NOTIFICATION"
247-->[com.google.android.gms:play-services-auth:21.0.0] AndroidManifest.xml:36:13-107
248            android:visibleToInstantApps="true" />
248-->[com.google.android.gms:play-services-auth:21.0.0] AndroidManifest.xml:37:13-48
249
250        <activity
250-->[com.google.android.gms:play-services-base:18.3.0] AndroidManifest.xml:20:9-22:45
251            android:name="com.google.android.gms.common.api.GoogleApiActivity"
251-->[com.google.android.gms:play-services-base:18.3.0] AndroidManifest.xml:20:19-85
252            android:exported="false"
252-->[com.google.android.gms:play-services-base:18.3.0] AndroidManifest.xml:22:19-43
253            android:theme="@android:style/Theme.Translucent.NoTitleBar" />
253-->[com.google.android.gms:play-services-base:18.3.0] AndroidManifest.xml:21:19-78
254        <!--
255         The initialization ContentProvider will call FacebookSdk.sdkInitialize automatically
256         with the application context. This config is merged in with the host app's manifest,
257         but there can only be one provider with the same authority activated at any given
258         point; so if the end user has two or more different apps that use Facebook SDK, only the
259         first one will be able to use the provider. To work around this problem, we use the
260         following placeholder in the authority to identify each host application as if it was
261         a completely different provider.
262        -->
263        <provider
263-->[com.facebook.android:facebook-core:17.0.1] AndroidManifest.xml:29:9-32:40
264            android:name="com.facebook.internal.FacebookInitProvider"
264-->[com.facebook.android:facebook-core:17.0.1] AndroidManifest.xml:30:13-70
265            android:authorities="com.travellingkuy.FacebookInitProvider"
265-->[com.facebook.android:facebook-core:17.0.1] AndroidManifest.xml:31:13-72
266            android:exported="false" />
266-->[com.facebook.android:facebook-core:17.0.1] AndroidManifest.xml:32:13-37
267
268        <receiver
268-->[com.facebook.android:facebook-core:17.0.1] AndroidManifest.xml:34:9-40:20
269            android:name="com.facebook.CurrentAccessTokenExpirationBroadcastReceiver"
269-->[com.facebook.android:facebook-core:17.0.1] AndroidManifest.xml:35:13-86
270            android:exported="false" >
270-->[com.facebook.android:facebook-core:17.0.1] AndroidManifest.xml:36:13-37
271            <intent-filter>
271-->[com.facebook.android:facebook-core:17.0.1] AndroidManifest.xml:37:13-39:29
272                <action android:name="com.facebook.sdk.ACTION_CURRENT_ACCESS_TOKEN_CHANGED" />
272-->[com.facebook.android:facebook-core:17.0.1] AndroidManifest.xml:38:17-95
272-->[com.facebook.android:facebook-core:17.0.1] AndroidManifest.xml:38:25-92
273            </intent-filter>
274        </receiver>
275        <receiver
275-->[com.facebook.android:facebook-core:17.0.1] AndroidManifest.xml:41:9-47:20
276            android:name="com.facebook.AuthenticationTokenManager$CurrentAuthenticationTokenChangedBroadcastReceiver"
276-->[com.facebook.android:facebook-core:17.0.1] AndroidManifest.xml:42:13-118
277            android:exported="false" >
277-->[com.facebook.android:facebook-core:17.0.1] AndroidManifest.xml:43:13-37
278            <intent-filter>
278-->[com.facebook.android:facebook-core:17.0.1] AndroidManifest.xml:44:13-46:29
279                <action android:name="com.facebook.sdk.ACTION_CURRENT_AUTHENTICATION_TOKEN_CHANGED" />
279-->[com.facebook.android:facebook-core:17.0.1] AndroidManifest.xml:45:17-103
279-->[com.facebook.android:facebook-core:17.0.1] AndroidManifest.xml:45:25-100
280            </intent-filter>
281        </receiver>
282
283        <provider
283-->[androidx.lifecycle:lifecycle-process:2.7.0] AndroidManifest.xml:24:9-32:20
284            android:name="androidx.startup.InitializationProvider"
284-->[androidx.lifecycle:lifecycle-process:2.7.0] AndroidManifest.xml:25:13-67
285            android:authorities="com.travellingkuy.androidx-startup"
285-->[androidx.lifecycle:lifecycle-process:2.7.0] AndroidManifest.xml:26:13-68
286            android:exported="false" >
286-->[androidx.lifecycle:lifecycle-process:2.7.0] AndroidManifest.xml:27:13-37
287            <meta-data
287-->[androidx.lifecycle:lifecycle-process:2.7.0] AndroidManifest.xml:29:13-31:52
288                android:name="androidx.lifecycle.ProcessLifecycleInitializer"
288-->[androidx.lifecycle:lifecycle-process:2.7.0] AndroidManifest.xml:30:17-78
289                android:value="androidx.startup" />
289-->[androidx.lifecycle:lifecycle-process:2.7.0] AndroidManifest.xml:31:17-49
290            <meta-data
290-->[androidx.profileinstaller:profileinstaller:1.3.1] AndroidManifest.xml:29:13-31:52
291                android:name="androidx.profileinstaller.ProfileInstallerInitializer"
291-->[androidx.profileinstaller:profileinstaller:1.3.1] AndroidManifest.xml:30:17-85
292                android:value="androidx.startup" />
292-->[androidx.profileinstaller:profileinstaller:1.3.1] AndroidManifest.xml:31:17-49
293        </provider>
294
295        <uses-library
295-->[androidx.window:window:1.2.0] AndroidManifest.xml:23:9-25:40
296            android:name="androidx.window.extensions"
296-->[androidx.window:window:1.2.0] AndroidManifest.xml:24:13-54
297            android:required="false" />
297-->[androidx.window:window:1.2.0] AndroidManifest.xml:25:13-37
298        <uses-library
298-->[androidx.window:window:1.2.0] AndroidManifest.xml:26:9-28:40
299            android:name="androidx.window.sidecar"
299-->[androidx.window:window:1.2.0] AndroidManifest.xml:27:13-51
300            android:required="false" />
300-->[androidx.window:window:1.2.0] AndroidManifest.xml:28:13-37
301
302        <meta-data
302-->[com.google.android.gms:play-services-basement:18.4.0] AndroidManifest.xml:6:9-122
303            android:name="com.google.android.gms.version"
303-->[com.google.android.gms:play-services-basement:18.4.0] AndroidManifest.xml:6:20-65
304            android:value="@integer/google_play_services_version" />
304-->[com.google.android.gms:play-services-basement:18.4.0] AndroidManifest.xml:6:66-119
305
306        <receiver
306-->[androidx.profileinstaller:profileinstaller:1.3.1] AndroidManifest.xml:34:9-52:20
307            android:name="androidx.profileinstaller.ProfileInstallReceiver"
307-->[androidx.profileinstaller:profileinstaller:1.3.1] AndroidManifest.xml:35:13-76
308            android:directBootAware="false"
308-->[androidx.profileinstaller:profileinstaller:1.3.1] AndroidManifest.xml:36:13-44
309            android:enabled="true"
309-->[androidx.profileinstaller:profileinstaller:1.3.1] AndroidManifest.xml:37:13-35